2022-05-21 21:33:57 [main] FATAL Main:204 - Could not connect to the database.
2022-05-21 21:41:43 [main] FATAL Main:204 - Could not connect to the database.
2022-05-21 21:50:40 [main] FATAL Main:204 - Could not connect to the database.
2022-05-21 21:54:29 [main] FATAL Main:204 - Could not connect to the database.
2022-05-21 21:55:51 [main] FATAL Main:204 - Could not connect to the database.
2022-05-22 14:47:18 [main] FATAL Main:196 - Statement INSERT INTO nicholasBillTable VALUES ('5','462','Boa Cash Rewards','Bank of America','credit','-1131','2','5','5','0'); was not executed successfully.
2022-05-22 14:47:18 [main] FATAL Main:198 - com.microsoft.sqlserver.jdbc.SQLServerException: Column name or number of supplied values does not match table definition.
2022-05-22 18:02:40 [main] FATAL Main:208 - Statement INSERT INTO nicholasBillTable VALUES (5, 462, 'Boa Cash Rewards', 'Bank of America', 'credit', -1131, 2, 5, 5, 0); was not executed successfully.
2022-05-22 18:02:40 [main] FATAL Main:210 - com.microsoft.sqlserver.jdbc.SQLServerException: Column name or number of supplied values does not match table definition.
2022-05-22 18:06:22 [main] FATAL Main:208 - Statement INSERT INTO nicholas PaymentAccountTable VALUES (5, 462, 'Boa Cash Rewards', 'Bank of America', 'credit', -1131, 2, 5, 5, 0); was not executed successfully.
2022-05-22 18:06:22 [main] FATAL Main:210 - com.microsoft.sqlserver.jdbc.SQLServerException: Incorrect syntax near 'PaymentAccountTable'.
2022-05-27 08:53:27 [main] FATAL Main:208 - Statement BULK INSERT nicholasPaymentAccountTable
FROM 'C:\budgetingSourceData\paymentAccountTableNicholas.csv'
WITH
(
    FIRSTROW = 2, -- as 1st one is header
    FIELDTERMINATOR = ',',  --CSV field delimiter
    ROWTERMINATOR = '\n',   --Use to shift the control to next row
    TABLOCK
) was not executed successfully.
2022-05-27 08:53:27 [main] FATAL Main:210 - com.microsoft.sqlserver.jdbc.SQLServerException: Cannot bulk load because the file "C:\budgetingSourceData\paymentAccountTableNicholas.csv" could not be opened. Operating system error code 32(The process cannot access the file because it is being used by another process.).
2022-05-27 09:02:54 [main] FATAL SqlOperatorTest:208 - Statement BULK INSERT nicholasnicholasPaymentAccountTable
FROM 'C:\budgetingSourceData\paymentAccountTableNichols.csv'
WITH
(
    FIRSTROW = 2, -- as 1st one is header
    FIELDTERMINATOR = ',',  --CSV field delimiter
    ROWTERMINATOR = '\n',   --Use to shift the control to next row
    TABLOCK
) was not executed successfully.
2022-05-27 09:02:54 [main] FATAL SqlOperatorTest:210 - com.microsoft.sqlserver.jdbc.SQLServerException: Invalid object name 'nicholasnicholasPaymentAccountTable'.
2022-05-27 09:41:20 [main] FATAL SqlOperatorTest:208 - Statement BULK INSERT nicholasPaymentAccountTable
FROM 'C:\budgetingSourceData\paymentAccountTableNichols.csv'
WITH
(
    FIRSTROW = 2, -- as 1st one is header
    FIELDTERMINATOR = ',',  --CSV field delimiter
    ROWTERMINATOR = '\n',   --Use to shift the control to next row
    TABLOCK
) was not executed successfully.
2022-05-27 09:41:20 [main] FATAL SqlOperatorTest:210 - com.microsoft.sqlserver.jdbc.SQLServerException: Cannot bulk load. The file "C:\budgetingSourceData\paymentAccountTableNichols.csv" does not exist or you don't have file access rights.
